2022-04-06 17:38:18.744  INFO 15396 --- [restartedMain] c.m.c.CommentServiceApplication          : Starting CommentServiceApplication using Java 1.8.0_251 on MDB22LT465 with PID 15396 (D:\Spring\Assessment\comment-service\target\classes started by vishnup in D:\Spring\Assessment\comment-service)
2022-04-06 17:38:18.749  INFO 15396 --- [restartedMain] c.m.c.CommentServiceApplication          : No active profile set, falling back to 1 default profile: "default"
2022-04-06 17:38:18.908  INFO 15396 --- [restartedMain] .e.DevToolsPropertyDefaultsPostProcessor : Devtools property defaults active! Set 'spring.devtools.add-properties' to 'false' to disable
2022-04-06 17:38:18.908  INFO 15396 --- [restartedMain] .e.DevToolsPropertyDefaultsPostProcessor : For additional web related logging consider setting the 'logging.level.web' property to 'DEBUG'
2022-04-06 17:38:20.561  INFO 15396 --- [restartedMain] .s.d.r.c.RepositoryConfigurationDelegate : Bootstrapping Spring Data MongoDB repositories in DEFAULT mode.
2022-04-06 17:38:20.982  INFO 15396 --- [restartedMain] .s.d.r.c.RepositoryConfigurationDelegate : Finished Spring Data repository scanning in 409 ms. Found 1 MongoDB repository interfaces.
2022-04-06 17:38:21.559  INFO 15396 --- [restartedMain] o.s.cloud.context.scope.GenericScope     : BeanFactory id=42894af1-7837-34a2-9a47-713030130aff
2022-04-06 17:38:23.943  INFO 15396 --- [restartedMain] o.s.b.w.embedded.tomcat.TomcatWebServer  : Tomcat initialized with port(s): 3015 (http)
2022-04-06 17:38:23.961  INFO 15396 --- [restartedMain] o.apache.catalina.core.StandardService   : Starting service [Tomcat]
2022-04-06 17:38:23.962  INFO 15396 --- [restartedMain] org.apache.catalina.core.StandardEngine  : Starting Servlet engine: [Apache Tomcat/9.0.58]
2022-04-06 17:38:24.171  INFO 15396 --- [restartedMain] o.a.c.c.C.[Tomcat].[localhost].[/]       : Initializing Spring embedded WebApplicationContext
2022-04-06 17:38:24.172  INFO 15396 --- [restartedMain] w.s.c.ServletWebServerApplicationContext : Root WebApplicationContext: initialization completed in 5262 ms
2022-04-06 17:38:24.501  INFO 15396 --- [restartedMain] org.mongodb.driver.cluster               : Cluster created with settings {hosts=[localhost:27017], mode=SINGLE, requiredClusterType=UNKNOWN, serverSelectionTimeout='30000 ms'}
2022-04-06 17:38:24.635  INFO 15396 --- [cluster-ClusterId{value='624d82b8828d0572d8424a55', description='null'}-localhost:27017] org.mongodb.driver.connection            : Opened connection [connectionId{localValue:1, serverValue:106}] to localhost:27017
2022-04-06 17:38:24.635  INFO 15396 --- [cluster-rtt-ClusterId{value='624d82b8828d0572d8424a55', description='null'}-localhost:27017] org.mongodb.driver.connection            : Opened connection [connectionId{localValue:2, serverValue:107}] to localhost:27017
2022-04-06 17:38:24.639  INFO 15396 --- [cluster-ClusterId{value='624d82b8828d0572d8424a55', description='null'}-localhost:27017] org.mongodb.driver.cluster               : Monitor thread successfully connected to server with description ServerDescription{address=localhost:27017, type=STANDALONE, state=CONNECTED, ok=true, minWireVersion=0, maxWireVersion=13, maxDocumentSize=16777216, logicalSessionTimeoutMinutes=30, roundTripTimeNanos=40911300}
2022-04-06 17:38:24.765  WARN 15396 --- [restartedMain] o.s.data.convert.CustomConversions       : Registering converter from class java.time.LocalDateTime to class org.joda.time.LocalDateTime as reading converter although it doesn't convert from a store-supported type! You might want to check your annotation setup at the converter implementation.
2022-04-06 17:38:24.910  WARN 15396 --- [restartedMain] o.s.b.d.a.OptionalLiveReloadServer       : Unable to start LiveReload server
2022-04-06 17:38:25.035  WARN 15396 --- [restartedMain] o.s.data.convert.CustomConversions       : Registering converter from class java.time.LocalDateTime to class org.joda.time.LocalDateTime as reading converter although it doesn't convert from a store-supported type! You might want to check your annotation setup at the converter implementation.
2022-04-06 17:38:25.648  INFO 15396 --- [restartedMain] o.s.c.openfeign.FeignClientFactoryBean   : For 'like-service' URL not provided. Will try picking an instance via load-balancing.
2022-04-06 17:38:25.793  INFO 15396 --- [restartedMain] o.s.c.openfeign.FeignClientFactoryBean   : For 'user-service' URL not provided. Will try picking an instance via load-balancing.
2022-04-06 17:38:28.278  INFO 15396 --- [restartedMain] DiscoveryClientOptionalArgsConfiguration : Eureka HTTP Client uses RestTemplate.
2022-04-06 17:38:30.519  WARN 15396 --- [restartedMain] iguration$LoadBalancerCaffeineWarnLogger : Spring Cloud LoadBalancer is currently working with the default cache. While this cache implementation is useful for development and tests, it's recommended to use Caffeine cache in production.You can switch to using Caffeine cache, by adding it and org.springframework.cache.caffeine.CaffeineCacheManager to the classpath.
2022-04-06 17:38:30.555  INFO 15396 --- [restartedMain] o.s.c.n.eureka.InstanceInfoFactory       : Setting initial instance status as: STARTING
2022-04-06 17:38:30.816  INFO 15396 --- [restartedMain] com.netflix.discovery.DiscoveryClient    : Initializing Eureka in region us-east-1
2022-04-06 17:38:30.834  INFO 15396 --- [restartedMain] c.n.d.s.r.aws.ConfigClusterResolver      : Resolving eureka endpoints via configuration
2022-04-06 17:38:30.928  INFO 15396 --- [restartedMain] com.netflix.discovery.DiscoveryClient    : Disable delta property : false
2022-04-06 17:38:30.929  INFO 15396 --- [restartedMain] com.netflix.discovery.DiscoveryClient    : Single vip registry refresh property : null
2022-04-06 17:38:30.929  INFO 15396 --- [restartedMain] com.netflix.discovery.DiscoveryClient    : Force full registry fetch : false
2022-04-06 17:38:30.929  INFO 15396 --- [restartedMain] com.netflix.discovery.DiscoveryClient    : Application is null : false
2022-04-06 17:38:30.929  INFO 15396 --- [restartedMain] com.netflix.discovery.DiscoveryClient    : Registered Applications size is zero : true
2022-04-06 17:38:30.930  INFO 15396 --- [restartedMain] com.netflix.discovery.DiscoveryClient    : Application version is -1: true
2022-04-06 17:38:30.930  INFO 15396 --- [restartedMain] com.netflix.discovery.DiscoveryClient    : Getting all instance registry info from the eureka server
2022-04-06 17:38:33.338  INFO 15396 --- [restartedMain] com.netflix.discovery.DiscoveryClient    : The response status is 200
2022-04-06 17:38:33.344  INFO 15396 --- [restartedMain] com.netflix.discovery.DiscoveryClient    : Starting heartbeat executor: renew interval is: 30
2022-04-06 17:38:33.351  INFO 15396 --- [restartedMain] c.n.discovery.InstanceInfoReplicator     : InstanceInfoReplicator onDemand update allowed rate per min is 4
2022-04-06 17:38:33.365  INFO 15396 --- [restartedMain] com.netflix.discovery.DiscoveryClient    : Discovery Client initialized at timestamp 1649246913360 with initial instances count: 4
2022-04-06 17:38:33.368  INFO 15396 --- [restartedMain] o.s.c.n.e.s.EurekaServiceRegistry        : Registering application COMMENT-SERVICE with eureka with status UP
2022-04-06 17:38:33.370  INFO 15396 --- [restartedMain] com.netflix.discovery.DiscoveryClient    : Saw local status change event StatusChangeEvent [timestamp=1649246913370, current=UP, previous=STARTING]
2022-04-06 17:38:33.375  INFO 15396 --- [DiscoveryClient-InstanceInfoReplicator-0] com.netflix.discovery.DiscoveryClient    : DiscoveryClient_COMMENT-SERVICE/MDB22LT465.mavericsystems.lan:comment-service:3015: registering service...
2022-04-06 17:38:33.497  INFO 15396 --- [restartedMain] o.s.b.w.embedded.tomcat.TomcatWebServer  : Tomcat started on port(s): 3015 (http) with context path ''
2022-04-06 17:38:33.500  INFO 15396 --- [restartedMain] .s.c.n.e.s.EurekaAutoServiceRegistration : Updating port to 3015
2022-04-06 17:38:33.613  INFO 15396 --- [DiscoveryClient-InstanceInfoReplicator-0] com.netflix.discovery.DiscoveryClient    : DiscoveryClient_COMMENT-SERVICE/MDB22LT465.mavericsystems.lan:comment-service:3015 - registration status: 204
2022-04-06 17:38:35.262  INFO 15396 --- [restartedMain] c.m.c.CommentServiceApplication          : Started CommentServiceApplication in 20.61 seconds (JVM running for 22.708)
2022-04-06 17:39:38.722  INFO 15396 --- [http-nio-3015-exec-7] o.a.c.c.C.[Tomcat].[localhost].[/]       : Initializing Spring DispatcherServlet 'dispatcherServlet'
2022-04-06 17:39:38.736  INFO 15396 --- [http-nio-3015-exec-7] o.s.web.servlet.DispatcherServlet        : Initializing Servlet 'dispatcherServlet'
2022-04-06 17:39:38.803  INFO 15396 --- [http-nio-3015-exec-7] o.s.web.servlet.DispatcherServlet        : Completed initialization in 67 ms
2022-04-06 17:39:39.296  INFO 15396 --- [http-nio-3015-exec-7] org.mongodb.driver.connection            : Opened connection [connectionId{localValue:3, serverValue:108}] to localhost:27017
2022-04-06 17:43:31.234  INFO 15396 --- [AsyncResolver-bootstrap-executor-0] c.n.d.s.r.aws.ConfigClusterResolver      : Resolving eureka endpoints via configuration
2022-04-06 17:48:32.413  INFO 15396 --- [AsyncResolver-bootstrap-executor-0] c.n.d.s.r.aws.ConfigClusterResolver      : Resolving eureka endpoints via configuration
2022-04-06 17:53:32.523  INFO 15396 --- [AsyncResolver-bootstrap-executor-0] c.n.d.s.r.aws.ConfigClusterResolver      : Resolving eureka endpoints via configuration
2022-04-06 17:58:32.542  INFO 15396 --- [AsyncResolver-bootstrap-executor-0] c.n.d.s.r.aws.ConfigClusterResolver      : Resolving eureka endpoints via configuration
2022-04-06 18:03:32.557  INFO 15396 --- [AsyncResolver-bootstrap-executor-0] c.n.d.s.r.aws.ConfigClusterResolver      : Resolving eureka endpoints via configuration
2022-04-06 18:33:08.345  INFO 30688 --- [restartedMain] c.m.c.CommentServiceApplication          : Starting CommentServiceApplication using Java 1.8.0_251 on MDB22LT465 with PID 30688 (D:\Spring\Assessment\comment-service\target\classes started by vishnup in D:\Spring\Assessment\comment-service)
2022-04-06 18:33:08.354  INFO 30688 --- [restartedMain] c.m.c.CommentServiceApplication          : No active profile set, falling back to 1 default profile: "default"
2022-04-06 18:33:08.645  INFO 30688 --- [restartedMain] .e.DevToolsPropertyDefaultsPostProcessor : Devtools property defaults active! Set 'spring.devtools.add-properties' to 'false' to disable
2022-04-06 18:33:08.646  INFO 30688 --- [restartedMain] .e.DevToolsPropertyDefaultsPostProcessor : For additional web related logging consider setting the 'logging.level.web' property to 'DEBUG'
2022-04-06 18:33:12.815  INFO 30688 --- [restartedMain] .s.d.r.c.RepositoryConfigurationDelegate : Bootstrapping Spring Data MongoDB repositories in DEFAULT mode.
2022-04-06 18:33:13.559  INFO 30688 --- [restartedMain] .s.d.r.c.RepositoryConfigurationDelegate : Finished Spring Data repository scanning in 729 ms. Found 1 MongoDB repository interfaces.
2022-04-06 18:33:14.463  INFO 30688 --- [restartedMain] o.s.cloud.context.scope.GenericScope     : BeanFactory id=42894af1-7837-34a2-9a47-713030130aff
2022-04-06 18:33:19.234  INFO 30688 --- [restartedMain] o.s.b.w.embedded.tomcat.TomcatWebServer  : Tomcat initialized with port(s): 3015 (http)
2022-04-06 18:33:19.260  INFO 30688 --- [restartedMain] o.apache.catalina.core.StandardService   : Starting service [Tomcat]
2022-04-06 18:33:19.261  INFO 30688 --- [restartedMain] org.apache.catalina.core.StandardEngine  : Starting Servlet engine: [Apache Tomcat/9.0.58]
2022-04-06 18:33:19.654  INFO 30688 --- [restartedMain] o.a.c.c.C.[Tomcat].[localhost].[/]       : Initializing Spring embedded WebApplicationContext
2022-04-06 18:33:19.658  INFO 30688 --- [restartedMain] w.s.c.ServletWebServerApplicationContext : Root WebApplicationContext: initialization completed in 11011 ms
2022-04-06 18:33:20.179  INFO 30688 --- [restartedMain] org.mongodb.driver.cluster               : Cluster created with settings {hosts=[localhost:27017], mode=SINGLE, requiredClusterType=UNKNOWN, serverSelectionTimeout='30000 ms'}
2022-04-06 18:33:20.637  INFO 30688 --- [cluster-rtt-ClusterId{value='624d8f980e398e757404b913', description='null'}-localhost:27017] org.mongodb.driver.connection            : Opened connection [connectionId{localValue:1, serverValue:117}] to localhost:27017
2022-04-06 18:33:20.638  INFO 30688 --- [cluster-ClusterId{value='624d8f980e398e757404b913', description='null'}-localhost:27017] org.mongodb.driver.connection            : Opened connection [connectionId{localValue:2, serverValue:118}] to localhost:27017
2022-04-06 18:33:20.641  INFO 30688 --- [cluster-ClusterId{value='624d8f980e398e757404b913', description='null'}-localhost:27017] org.mongodb.driver.cluster               : Monitor thread successfully connected to server with description ServerDescription{address=localhost:27017, type=STANDALONE, state=CONNECTED, ok=true, minWireVersion=0, maxWireVersion=13, maxDocumentSize=16777216, logicalSessionTimeoutMinutes=30, roundTripTimeNanos=121195600}
2022-04-06 18:33:20.850  WARN 30688 --- [restartedMain] o.s.data.convert.CustomConversions       : Registering converter from class java.time.LocalDateTime to class org.joda.time.LocalDateTime as reading converter although it doesn't convert from a store-supported type! You might want to check your annotation setup at the converter implementation.
2022-04-06 18:33:21.269  WARN 30688 --- [restartedMain] o.s.b.d.a.OptionalLiveReloadServer       : Unable to start LiveReload server
2022-04-06 18:33:21.674  WARN 30688 --- [restartedMain] o.s.data.convert.CustomConversions       : Registering converter from class java.time.LocalDateTime to class org.joda.time.LocalDateTime as reading converter although it doesn't convert from a store-supported type! You might want to check your annotation setup at the converter implementation.
2022-04-06 18:33:22.977  INFO 30688 --- [restartedMain] o.s.c.openfeign.FeignClientFactoryBean   : For 'like-service' URL not provided. Will try picking an instance via load-balancing.
2022-04-06 18:33:23.306  INFO 30688 --- [restartedMain] o.s.c.openfeign.FeignClientFactoryBean   : For 'user-service' URL not provided. Will try picking an instance via load-balancing.
2022-04-06 18:33:28.086  INFO 30688 --- [restartedMain] DiscoveryClientOptionalArgsConfiguration : Eureka HTTP Client uses RestTemplate.
2022-04-06 18:33:31.086  WARN 30688 --- [restartedMain] iguration$LoadBalancerCaffeineWarnLogger : Spring Cloud LoadBalancer is currently working with the default cache. While this cache implementation is useful for development and tests, it's recommended to use Caffeine cache in production.You can switch to using Caffeine cache, by adding it and org.springframework.cache.caffeine.CaffeineCacheManager to the classpath.
2022-04-06 18:33:31.169  INFO 30688 --- [restartedMain] o.s.c.n.eureka.InstanceInfoFactory       : Setting initial instance status as: STARTING
2022-04-06 18:33:31.739  INFO 30688 --- [restartedMain] com.netflix.discovery.DiscoveryClient    : Initializing Eureka in region us-east-1
2022-04-06 18:33:31.763  INFO 30688 --- [restartedMain] c.n.d.s.r.aws.ConfigClusterResolver      : Resolving eureka endpoints via configuration
2022-04-06 18:33:31.900  INFO 30688 --- [restartedMain] com.netflix.discovery.DiscoveryClient    : Disable delta property : false
2022-04-06 18:33:31.902  INFO 30688 --- [restartedMain] com.netflix.discovery.DiscoveryClient    : Single vip registry refresh property : null
2022-04-06 18:33:31.902  INFO 30688 --- [restartedMain] com.netflix.discovery.DiscoveryClient    : Force full registry fetch : false
2022-04-06 18:33:31.903  INFO 30688 --- [restartedMain] com.netflix.discovery.DiscoveryClient    : Application is null : false
2022-04-06 18:33:31.903  INFO 30688 --- [restartedMain] com.netflix.discovery.DiscoveryClient    : Registered Applications size is zero : true
2022-04-06 18:33:31.904  INFO 30688 --- [restartedMain] com.netflix.discovery.DiscoveryClient    : Application version is -1: true
2022-04-06 18:33:31.905  INFO 30688 --- [restartedMain] com.netflix.discovery.DiscoveryClient    : Getting all instance registry info from the eureka server
2022-04-06 18:33:34.892  INFO 30688 --- [restartedMain] com.netflix.discovery.DiscoveryClient    : The response status is 200
2022-04-06 18:33:34.897  INFO 30688 --- [restartedMain] com.netflix.discovery.DiscoveryClient    : Starting heartbeat executor: renew interval is: 30
2022-04-06 18:33:34.901  INFO 30688 --- [restartedMain] c.n.discovery.InstanceInfoReplicator     : InstanceInfoReplicator onDemand update allowed rate per min is 4
2022-04-06 18:33:34.910  INFO 30688 --- [restartedMain] com.netflix.discovery.DiscoveryClient    : Discovery Client initialized at timestamp 1649250214907 with initial instances count: 3
2022-04-06 18:33:34.912  INFO 30688 --- [restartedMain] o.s.c.n.e.s.EurekaServiceRegistry        : Registering application COMMENT-SERVICE with eureka with status UP
2022-04-06 18:33:34.913  INFO 30688 --- [restartedMain] com.netflix.discovery.DiscoveryClient    : Saw local status change event StatusChangeEvent [timestamp=1649250214913, current=UP, previous=STARTING]
2022-04-06 18:33:34.916  INFO 30688 --- [DiscoveryClient-InstanceInfoReplicator-0] com.netflix.discovery.DiscoveryClient    : DiscoveryClient_COMMENT-SERVICE/MDB22LT465.mavericsystems.lan:comment-service:3015: registering service...
2022-04-06 18:33:35.020  INFO 30688 --- [restartedMain] o.s.b.w.embedded.tomcat.TomcatWebServer  : Tomcat started on port(s): 3015 (http) with context path ''
2022-04-06 18:33:35.021  INFO 30688 --- [restartedMain] .s.c.n.e.s.EurekaAutoServiceRegistration : Updating port to 3015
2022-04-06 18:33:35.083  INFO 30688 --- [DiscoveryClient-InstanceInfoReplicator-0] com.netflix.discovery.DiscoveryClient    : DiscoveryClient_COMMENT-SERVICE/MDB22LT465.mavericsystems.lan:comment-service:3015 - registration status: 204
2022-04-06 18:33:37.734  INFO 30688 --- [restartedMain] c.m.c.CommentServiceApplication          : Started CommentServiceApplication in 37.105 seconds (JVM running for 40.391)
2022-04-06 18:36:48.057  INFO 30688 --- [http-nio-3015-exec-2] o.a.c.c.C.[Tomcat].[localhost].[/]       : Initializing Spring DispatcherServlet 'dispatcherServlet'
2022-04-06 18:36:48.061  INFO 30688 --- [http-nio-3015-exec-2] o.s.web.servlet.DispatcherServlet        : Initializing Servlet 'dispatcherServlet'
2022-04-06 18:36:48.128  INFO 30688 --- [http-nio-3015-exec-2] o.s.web.servlet.DispatcherServlet        : Completed initialization in 66 ms
2022-04-06 18:36:48.906  INFO 30688 --- [http-nio-3015-exec-2] org.mongodb.driver.connection            : Opened connection [connectionId{localValue:3, serverValue:122}] to localhost:27017
2022-04-06 18:38:31.944  INFO 30688 --- [AsyncResolver-bootstrap-executor-0] c.n.d.s.r.aws.ConfigClusterResolver      : Resolving eureka endpoints via configuration
2022-04-06 18:43:31.974  INFO 30688 --- [AsyncResolver-bootstrap-executor-0] c.n.d.s.r.aws.ConfigClusterResolver      : Resolving eureka endpoints via configuration
2022-04-06 18:48:32.010  INFO 30688 --- [AsyncResolver-bootstrap-executor-0] c.n.d.s.r.aws.ConfigClusterResolver      : Resolving eureka endpoints via configuration
2022-04-06 18:53:32.053  INFO 30688 --- [AsyncResolver-bootstrap-executor-0] c.n.d.s.r.aws.ConfigClusterResolver      : Resolving eureka endpoints via configuration
2022-04-06 18:58:32.135  INFO 30688 --- [AsyncResolver-bootstrap-executor-0] c.n.d.s.r.aws.ConfigClusterResolver      : Resolving eureka endpoints via configuration
2022-04-06 19:03:32.196  INFO 30688 --- [AsyncResolver-bootstrap-executor-0] c.n.d.s.r.aws.ConfigClusterResolver      : Resolving eureka endpoints via configuration
2022-04-06 19:08:32.237  INFO 30688 --- [AsyncResolver-bootstrap-executor-0] c.n.d.s.r.aws.ConfigClusterResolver      : Resolving eureka endpoints via configuration
2022-04-06 19:13:32.249  INFO 30688 --- [AsyncResolver-bootstrap-executor-0] c.n.d.s.r.aws.ConfigClusterResolver      : Resolving eureka endpoints via configuration
2022-04-06 19:18:32.254  INFO 30688 --- [AsyncResolver-bootstrap-executor-0] c.n.d.s.r.aws.ConfigClusterResolver      : Resolving eureka endpoints via configuration
2022-04-06 19:23:32.269  INFO 30688 --- [AsyncResolver-bootstrap-executor-0] c.n.d.s.r.aws.ConfigClusterResolver      : Resolving eureka endpoints via configuration
2022-04-06 19:28:32.284  INFO 30688 --- [AsyncResolver-bootstrap-executor-0] c.n.d.s.r.aws.ConfigClusterResolver      : Resolving eureka endpoints via configuration
2022-04-06 19:33:32.326  INFO 30688 --- [AsyncResolver-bootstrap-executor-0] c.n.d.s.r.aws.ConfigClusterResolver      : Resolving eureka endpoints via configuration
2022-04-06 19:38:32.343  INFO 30688 --- [AsyncResolver-bootstrap-executor-0] c.n.d.s.r.aws.ConfigClusterResolver      : Resolving eureka endpoints via configuration
2022-04-06 19:43:32.349  INFO 30688 --- [AsyncResolver-bootstrap-executor-0] c.n.d.s.r.aws.ConfigClusterResolver      : Resolving eureka endpoints via configuration
2022-04-06 19:48:32.364  INFO 30688 --- [AsyncResolver-bootstrap-executor-0] c.n.d.s.r.aws.ConfigClusterResolver      : Resolving eureka endpoints via configuration
2022-04-06 19:53:32.374  INFO 30688 --- [AsyncResolver-bootstrap-executor-0] c.n.d.s.r.aws.ConfigClusterResolver      : Resolving eureka endpoints via configuration
2022-04-06 19:55:43.825  INFO 30688 --- [SpringApplicationShutdownHook] o.s.c.n.e.s.EurekaServiceRegistry        : Unregistering application COMMENT-SERVICE with eureka with status DOWN
2022-04-06 19:55:43.827  INFO 30688 --- [SpringApplicationShutdownHook] com.netflix.discovery.DiscoveryClient    : Saw local status change event StatusChangeEvent [timestamp=1649255143827, current=DOWN, previous=UP]
2022-04-06 19:55:43.831  INFO 30688 --- [DiscoveryClient-InstanceInfoReplicator-0] com.netflix.discovery.DiscoveryClient    : DiscoveryClient_COMMENT-SERVICE/MDB22LT465.mavericsystems.lan:comment-service:3015: registering service...
2022-04-06 19:55:44.408  INFO 30688 --- [DiscoveryClient-InstanceInfoReplicator-0] com.netflix.discovery.DiscoveryClient    : DiscoveryClient_COMMENT-SERVICE/MDB22LT465.mavericsystems.lan:comment-service:3015 - registration status: 204
2022-04-06 19:55:46.684  INFO 30688 --- [SpringApplicationShutdownHook] com.netflix.discovery.DiscoveryClient    : Shutting down DiscoveryClient ...
2022-04-06 19:55:49.718  INFO 30688 --- [SpringApplicationShutdownHook] com.netflix.discovery.DiscoveryClient    : Unregistering ...
2022-04-06 19:55:49.761  INFO 30688 --- [SpringApplicationShutdownHook] com.netflix.discovery.DiscoveryClient    : DiscoveryClient_COMMENT-SERVICE/MDB22LT465.mavericsystems.lan:comment-service:3015 - deregister  status: 200
2022-04-06 19:55:49.803  INFO 30688 --- [SpringApplicationShutdownHook] com.netflix.discovery.DiscoveryClient    : Completed shut down of DiscoveryClient
2022-04-06 19:56:54.994  INFO 5460 --- [restartedMain] c.m.c.CommentServiceApplication          : Starting CommentServiceApplication using Java 1.8.0_251 on MDB22LT465 with PID 5460 (D:\Spring\Assessment\comment-service\target\classes started by vishnup in D:\Spring\Assessment\comment-service)
2022-04-06 19:56:54.997  INFO 5460 --- [restartedMain] c.m.c.CommentServiceApplication          : No active profile set, falling back to 1 default profile: "default"
2022-04-06 19:56:55.205  INFO 5460 --- [restartedMain] .e.DevToolsPropertyDefaultsPostProcessor : Devtools property defaults active! Set 'spring.devtools.add-properties' to 'false' to disable
2022-04-06 19:56:55.206  INFO 5460 --- [restartedMain] .e.DevToolsPropertyDefaultsPostProcessor : For additional web related logging consider setting the 'logging.level.web' property to 'DEBUG'
2022-04-06 19:56:59.579  INFO 5460 --- [restartedMain] .s.d.r.c.RepositoryConfigurationDelegate : Bootstrapping Spring Data MongoDB repositories in DEFAULT mode.
2022-04-06 19:57:00.545  INFO 5460 --- [restartedMain] .s.d.r.c.RepositoryConfigurationDelegate : Finished Spring Data repository scanning in 931 ms. Found 1 MongoDB repository interfaces.
2022-04-06 19:57:01.727  INFO 5460 --- [restartedMain] o.s.cloud.context.scope.GenericScope     : BeanFactory id=5b0212b6-add8-3cc9-8340-18567b8c667c
2022-04-06 19:57:06.597  INFO 5460 --- [restartedMain] o.s.b.w.embedded.tomcat.TomcatWebServer  : Tomcat initialized with port(s): 3015 (http)
2022-04-06 19:57:06.627  INFO 5460 --- [restartedMain] o.apache.catalina.core.StandardService   : Starting service [Tomcat]
2022-04-06 19:57:06.628  INFO 5460 --- [restartedMain] org.apache.catalina.core.StandardEngine  : Starting Servlet engine: [Apache Tomcat/9.0.58]
2022-04-06 19:57:07.011  INFO 5460 --- [restartedMain] o.a.c.c.C.[Tomcat].[localhost].[/]       : Initializing Spring embedded WebApplicationContext
2022-04-06 19:57:07.012  INFO 5460 --- [restartedMain] w.s.c.ServletWebServerApplicationContext : Root WebApplicationContext: initialization completed in 11805 ms
2022-04-06 19:57:07.420  INFO 5460 --- [restartedMain] org.mongodb.driver.cluster               : Cluster created with settings {hosts=[localhost:27017], mode=SINGLE, requiredClusterType=UNKNOWN, serverSelectionTimeout='30000 ms'}
2022-04-06 19:57:07.580  INFO 5460 --- [cluster-ClusterId{value='624da33b77b766375b1afd5c', description='null'}-localhost:27017] org.mongodb.driver.connection            : Opened connection [connectionId{localValue:1, serverValue:148}] to localhost:27017
2022-04-06 19:57:07.586  INFO 5460 --- [cluster-ClusterId{value='624da33b77b766375b1afd5c', description='null'}-localhost:27017] org.mongodb.driver.cluster               : Monitor thread successfully connected to server with description ServerDescription{address=localhost:27017, type=STANDALONE, state=CONNECTED, ok=true, minWireVersion=0, maxWireVersion=13, maxDocumentSize=16777216, logicalSessionTimeoutMinutes=30, roundTripTimeNanos=46498100}
2022-04-06 19:57:07.586  INFO 5460 --- [cluster-rtt-ClusterId{value='624da33b77b766375b1afd5c', description='null'}-localhost:27017] org.mongodb.driver.connection            : Opened connection [connectionId{localValue:2, serverValue:149}] to localhost:27017
2022-04-06 19:57:07.730  WARN 5460 --- [restartedMain] o.s.data.convert.CustomConversions       : Registering converter from class java.time.LocalDateTime to class org.joda.time.LocalDateTime as reading converter although it doesn't convert from a store-supported type! You might want to check your annotation setup at the converter implementation.
2022-04-06 19:57:07.930  WARN 5460 --- [restartedMain] o.s.b.d.a.OptionalLiveReloadServer       : Unable to start LiveReload server
2022-04-06 19:57:08.076  WARN 5460 --- [restartedMain] o.s.data.convert.CustomConversions       : Registering converter from class java.time.LocalDateTime to class org.joda.time.LocalDateTime as reading converter although it doesn't convert from a store-supported type! You might want to check your annotation setup at the converter implementation.
2022-04-06 19:57:08.914  INFO 5460 --- [restartedMain] o.s.c.openfeign.FeignClientFactoryBean   : For 'like-service' URL not provided. Will try picking an instance via load-balancing.
2022-04-06 19:57:09.195  INFO 5460 --- [restartedMain] o.s.c.openfeign.FeignClientFactoryBean   : For 'user-service' URL not provided. Will try picking an instance via load-balancing.
2022-04-06 19:57:09.296  WARN 5460 --- [restartedMain] c.n.c.sources.URLConfigurationSource     : No URLs will be polled as dynamic configuration sources.
2022-04-06 19:57:09.296  INFO 5460 --- [restartedMain] c.n.c.sources.URLConfigurationSource     : To enable URLs as dynamic configuration sources, define System property archaius.configurationSource.additionalUrls or make config.properties available on classpath.
2022-04-06 19:57:09.315  WARN 5460 --- [restartedMain] c.n.c.sources.URLConfigurationSource     : No URLs will be polled as dynamic configuration sources.
2022-04-06 19:57:09.315  INFO 5460 --- [restartedMain] c.n.c.sources.URLConfigurationSource     : To enable URLs as dynamic configuration sources, define System property archaius.configurationSource.additionalUrls or make config.properties available on classpath.
2022-04-06 19:57:13.728  INFO 5460 --- [restartedMain] DiscoveryClientOptionalArgsConfiguration : Eureka HTTP Client uses RestTemplate.
2022-04-06 19:57:15.891  WARN 5460 --- [restartedMain] iguration$LoadBalancerCaffeineWarnLogger : Spring Cloud LoadBalancer is currently working with the default cache. While this cache implementation is useful for development and tests, it's recommended to use Caffeine cache in production.You can switch to using Caffeine cache, by adding it and org.springframework.cache.caffeine.CaffeineCacheManager to the classpath.
2022-04-06 19:57:15.939  INFO 5460 --- [restartedMain] o.s.c.n.eureka.InstanceInfoFactory       : Setting initial instance status as: STARTING
2022-04-06 19:57:16.062  INFO 5460 --- [restartedMain] com.netflix.discovery.DiscoveryClient    : Initializing Eureka in region us-east-1
2022-04-06 19:57:16.075  INFO 5460 --- [restartedMain] c.n.d.s.r.aws.ConfigClusterResolver      : Resolving eureka endpoints via configuration
2022-04-06 19:57:16.125  INFO 5460 --- [restartedMain] com.netflix.discovery.DiscoveryClient    : Disable delta property : false
2022-04-06 19:57:16.125  INFO 5460 --- [restartedMain] com.netflix.discovery.DiscoveryClient    : Single vip registry refresh property : null
2022-04-06 19:57:16.125  INFO 5460 --- [restartedMain] com.netflix.discovery.DiscoveryClient    : Force full registry fetch : false
2022-04-06 19:57:16.125  INFO 5460 --- [restartedMain] com.netflix.discovery.DiscoveryClient    : Application is null : false
2022-04-06 19:57:16.126  INFO 5460 --- [restartedMain] com.netflix.discovery.DiscoveryClient    : Registered Applications size is zero : true
2022-04-06 19:57:16.126  INFO 5460 --- [restartedMain] com.netflix.discovery.DiscoveryClient    : Application version is -1: true
2022-04-06 19:57:16.126  INFO 5460 --- [restartedMain] com.netflix.discovery.DiscoveryClient    : Getting all instance registry info from the eureka server
2022-04-06 19:57:18.077  INFO 5460 --- [restartedMain] com.netflix.discovery.DiscoveryClient    : The response status is 200
2022-04-06 19:57:18.082  INFO 5460 --- [restartedMain] com.netflix.discovery.DiscoveryClient    : Starting heartbeat executor: renew interval is: 30
2022-04-06 19:57:18.088  INFO 5460 --- [restartedMain] c.n.discovery.InstanceInfoReplicator     : InstanceInfoReplicator onDemand update allowed rate per min is 4
2022-04-06 19:57:18.098  INFO 5460 --- [restartedMain] com.netflix.discovery.DiscoveryClient    : Discovery Client initialized at timestamp 1649255238096 with initial instances count: 2
2022-04-06 19:57:18.101  INFO 5460 --- [restartedMain] o.s.c.n.e.s.EurekaServiceRegistry        : Registering application COMMENT-SERVICE with eureka with status UP
2022-04-06 19:57:18.103  INFO 5460 --- [restartedMain] com.netflix.discovery.DiscoveryClient    : Saw local status change event StatusChangeEvent [timestamp=1649255238103, current=UP, previous=STARTING]
2022-04-06 19:57:18.106  INFO 5460 --- [DiscoveryClient-InstanceInfoReplicator-0] com.netflix.discovery.DiscoveryClient    : DiscoveryClient_COMMENT-SERVICE/MDB22LT465.mavericsystems.lan:comment-service:3015: registering service...
2022-04-06 19:57:18.155  INFO 5460 --- [restartedMain] o.s.b.w.embedded.tomcat.TomcatWebServer  : Tomcat started on port(s): 3015 (http) with context path ''
2022-04-06 19:57:18.155  INFO 5460 --- [restartedMain] .s.c.n.e.s.EurekaAutoServiceRegistration : Updating port to 3015
2022-04-06 19:57:18.196  INFO 5460 --- [DiscoveryClient-InstanceInfoReplicator-0] com.netflix.discovery.DiscoveryClient    : DiscoveryClient_COMMENT-SERVICE/MDB22LT465.mavericsystems.lan:comment-service:3015 - registration status: 204
2022-04-06 19:57:19.806  INFO 5460 --- [restartedMain] c.m.c.CommentServiceApplication          : Started CommentServiceApplication in 32.958 seconds (JVM running for 40.947)
2022-04-06 20:02:16.157  INFO 5460 --- [AsyncResolver-bootstrap-executor-0] c.n.d.s.r.aws.ConfigClusterResolver      : Resolving eureka endpoints via configuration
2022-04-06 20:07:16.201  INFO 5460 --- [AsyncResolver-bootstrap-executor-0] c.n.d.s.r.aws.ConfigClusterResolver      : Resolving eureka endpoints via configuration
2022-04-06 20:12:16.273  INFO 5460 --- [AsyncResolver-bootstrap-executor-0] c.n.d.s.r.aws.ConfigClusterResolver      : Resolving eureka endpoints via configuration
2022-04-06 20:17:16.323  INFO 5460 --- [AsyncResolver-bootstrap-executor-0] c.n.d.s.r.aws.ConfigClusterResolver      : Resolving eureka endpoints via configuration
2022-04-06 20:22:16.356  INFO 5460 --- [AsyncResolver-bootstrap-executor-0] c.n.d.s.r.aws.ConfigClusterResolver      : Resolving eureka endpoints via configuration
2022-04-06 20:27:16.427  INFO 5460 --- [AsyncResolver-bootstrap-executor-0] c.n.d.s.r.aws.ConfigClusterResolver      : Resolving eureka endpoints via configuration
2022-04-06 20:28:55.630  INFO 5460 --- [SpringApplicationShutdownHook] o.s.c.n.e.s.EurekaServiceRegistry        : Unregistering application COMMENT-SERVICE with eureka with status DOWN
2022-04-06 20:28:55.631  INFO 5460 --- [SpringApplicationShutdownHook] com.netflix.discovery.DiscoveryClient    : Saw local status change event StatusChangeEvent [timestamp=1649257135631, current=DOWN, previous=UP]
2022-04-06 20:28:55.632  INFO 5460 --- [DiscoveryClient-InstanceInfoReplicator-0] com.netflix.discovery.DiscoveryClient    : DiscoveryClient_COMMENT-SERVICE/MDB22LT465.mavericsystems.lan:comment-service:3015: registering service...
2022-04-06 20:28:55.701  INFO 5460 --- [DiscoveryClient-InstanceInfoReplicator-0] com.netflix.discovery.DiscoveryClient    : DiscoveryClient_COMMENT-SERVICE/MDB22LT465.mavericsystems.lan:comment-service:3015 - registration status: 204
2022-04-06 20:28:56.931  INFO 5460 --- [SpringApplicationShutdownHook] com.netflix.discovery.DiscoveryClient    : Shutting down DiscoveryClient ...
2022-04-06 20:28:59.943  INFO 5460 --- [SpringApplicationShutdownHook] com.netflix.discovery.DiscoveryClient    : Unregistering ...
2022-04-06 20:28:59.968  INFO 5460 --- [SpringApplicationShutdownHook] com.netflix.discovery.DiscoveryClient    : DiscoveryClient_COMMENT-SERVICE/MDB22LT465.mavericsystems.lan:comment-service:3015 - deregister  status: 200
2022-04-06 20:28:59.985  INFO 5460 --- [SpringApplicationShutdownHook] com.netflix.discovery.DiscoveryClient    : Completed shut down of DiscoveryClient
2022-04-06 20:29:19.871  INFO 10504 --- [restartedMain] c.m.c.CommentServiceApplication          : Starting CommentServiceApplication using Java 1.8.0_251 on MDB22LT465 with PID 10504 (D:\Spring\Assessment\comment-service\target\classes started by vishnup in D:\Spring\Assessment\comment-service)
2022-04-06 20:29:19.874  INFO 10504 --- [restartedMain] c.m.c.CommentServiceApplication          : No active profile set, falling back to 1 default profile: "default"
2022-04-06 20:29:19.966  INFO 10504 --- [restartedMain] .e.DevToolsPropertyDefaultsPostProcessor : Devtools property defaults active! Set 'spring.devtools.add-properties' to 'false' to disable
2022-04-06 20:29:19.966  INFO 10504 --- [restartedMain] .e.DevToolsPropertyDefaultsPostProcessor : For additional web related logging consider setting the 'logging.level.web' property to 'DEBUG'
2022-04-06 20:29:21.234  INFO 10504 --- [restartedMain] .s.d.r.c.RepositoryConfigurationDelegate : Bootstrapping Spring Data MongoDB repositories in DEFAULT mode.
2022-04-06 20:29:21.520  INFO 10504 --- [restartedMain] .s.d.r.c.RepositoryConfigurationDelegate : Finished Spring Data repository scanning in 280 ms. Found 1 MongoDB repository interfaces.
2022-04-06 20:29:21.936  INFO 10504 --- [restartedMain] o.s.cloud.context.scope.GenericScope     : BeanFactory id=5b0212b6-add8-3cc9-8340-18567b8c667c
2022-04-06 20:29:23.924  INFO 10504 --- [restartedMain] o.s.b.w.embedded.tomcat.TomcatWebServer  : Tomcat initialized with port(s): 3015 (http)
2022-04-06 20:29:23.940  INFO 10504 --- [restartedMain] o.apache.catalina.core.StandardService   : Starting service [Tomcat]
2022-04-06 20:29:23.941  INFO 10504 --- [restartedMain] org.apache.catalina.core.StandardEngine  : Starting Servlet engine: [Apache Tomcat/9.0.58]
2022-04-06 20:29:24.129  INFO 10504 --- [restartedMain] o.a.c.c.C.[Tomcat].[localhost].[/]       : Initializing Spring embedded WebApplicationContext
2022-04-06 20:29:24.129  INFO 10504 --- [restartedMain] w.s.c.ServletWebServerApplicationContext : Root WebApplicationContext: initialization completed in 4162 ms
2022-04-06 20:29:24.420  INFO 10504 --- [restartedMain] org.mongodb.driver.cluster               : Cluster created with settings {hosts=[localhost:27017], mode=SINGLE, requiredClusterType=UNKNOWN, serverSelectionTimeout='30000 ms'}
2022-04-06 20:29:24.572  INFO 10504 --- [cluster-ClusterId{value='624daacc6ad01225beb613e5', description='null'}-localhost:27017] org.mongodb.driver.connection            : Opened connection [connectionId{localValue:1, serverValue:154}] to localhost:27017
2022-04-06 20:29:24.572  INFO 10504 --- [cluster-rtt-ClusterId{value='624daacc6ad01225beb613e5', description='null'}-localhost:27017] org.mongodb.driver.connection            : Opened connection [connectionId{localValue:2, serverValue:155}] to localhost:27017
2022-04-06 20:29:24.573  INFO 10504 --- [cluster-ClusterId{value='624daacc6ad01225beb613e5', description='null'}-localhost:27017] org.mongodb.driver.cluster               : Monitor thread successfully connected to server with description ServerDescription{address=localhost:27017, type=STANDALONE, state=CONNECTED, ok=true, minWireVersion=0, maxWireVersion=13, maxDocumentSize=16777216, logicalSessionTimeoutMinutes=30, roundTripTimeNanos=53123000}
2022-04-06 20:29:24.673  WARN 10504 --- [restartedMain] o.s.data.convert.CustomConversions       : Registering converter from class java.time.LocalDateTime to class org.joda.time.LocalDateTime as reading converter although it doesn't convert from a store-supported type! You might want to check your annotation setup at the converter implementation.
2022-04-06 20:29:24.807  INFO 10504 --- [restartedMain] o.s.b.d.a.OptionalLiveReloadServer       : LiveReload server is running on port 35729
2022-04-06 20:29:24.895  WARN 10504 --- [restartedMain] o.s.data.convert.CustomConversions       : Registering converter from class java.time.LocalDateTime to class org.joda.time.LocalDateTime as reading converter although it doesn't convert from a store-supported type! You might want to check your annotation setup at the converter implementation.
2022-04-06 20:29:25.404  INFO 10504 --- [restartedMain] o.s.c.openfeign.FeignClientFactoryBean   : For 'like-service' URL not provided. Will try picking an instance via load-balancing.
2022-04-06 20:29:25.521  INFO 10504 --- [restartedMain] o.s.c.openfeign.FeignClientFactoryBean   : For 'user-service' URL not provided. Will try picking an instance via load-balancing.
2022-04-06 20:29:25.595  WARN 10504 --- [restartedMain] c.n.c.sources.URLConfigurationSource     : No URLs will be polled as dynamic configuration sources.
2022-04-06 20:29:25.596  INFO 10504 --- [restartedMain] c.n.c.sources.URLConfigurationSource     : To enable URLs as dynamic configuration sources, define System property archaius.configurationSource.additionalUrls or make config.properties available on classpath.
2022-04-06 20:29:25.612  WARN 10504 --- [restartedMain] c.n.c.sources.URLConfigurationSource     : No URLs will be polled as dynamic configuration sources.
2022-04-06 20:29:25.613  INFO 10504 --- [restartedMain] c.n.c.sources.URLConfigurationSource     : To enable URLs as dynamic configuration sources, define System property archaius.configurationSource.additionalUrls or make config.properties available on classpath.
2022-04-06 20:29:27.882  INFO 10504 --- [restartedMain] DiscoveryClientOptionalArgsConfiguration : Eureka HTTP Client uses RestTemplate.
2022-04-06 20:29:29.660  WARN 10504 --- [restartedMain] iguration$LoadBalancerCaffeineWarnLogger : Spring Cloud LoadBalancer is currently working with the default cache. While this cache implementation is useful for development and tests, it's recommended to use Caffeine cache in production.You can switch to using Caffeine cache, by adding it and org.springframework.cache.caffeine.CaffeineCacheManager to the classpath.
2022-04-06 20:29:29.705  INFO 10504 --- [restartedMain] o.s.c.n.eureka.InstanceInfoFactory       : Setting initial instance status as: STARTING
2022-04-06 20:29:29.822  INFO 10504 --- [restartedMain] com.netflix.discovery.DiscoveryClient    : Initializing Eureka in region us-east-1
2022-04-06 20:29:29.834  INFO 10504 --- [restartedMain] c.n.d.s.r.aws.ConfigClusterResolver      : Resolving eureka endpoints via configuration
2022-04-06 20:29:29.886  INFO 10504 --- [restartedMain] com.netflix.discovery.DiscoveryClient    : Disable delta property : false
2022-04-06 20:29:29.887  INFO 10504 --- [restartedMain] com.netflix.discovery.DiscoveryClient    : Single vip registry refresh property : null
2022-04-06 20:29:29.887  INFO 10504 --- [restartedMain] com.netflix.discovery.DiscoveryClient    : Force full registry fetch : false
2022-04-06 20:29:29.887  INFO 10504 --- [restartedMain] com.netflix.discovery.DiscoveryClient    : Application is null : false
2022-04-06 20:29:29.887  INFO 10504 --- [restartedMain] com.netflix.discovery.DiscoveryClient    : Registered Applications size is zero : true
2022-04-06 20:29:29.887  INFO 10504 --- [restartedMain] com.netflix.discovery.DiscoveryClient    : Application version is -1: true
2022-04-06 20:29:29.887  INFO 10504 --- [restartedMain] com.netflix.discovery.DiscoveryClient    : Getting all instance registry info from the eureka server
2022-04-06 20:29:31.497  INFO 10504 --- [restartedMain] com.netflix.discovery.DiscoveryClient    : The response status is 200
2022-04-06 20:29:31.501  INFO 10504 --- [restartedMain] com.netflix.discovery.DiscoveryClient    : Starting heartbeat executor: renew interval is: 30
2022-04-06 20:29:31.506  INFO 10504 --- [restartedMain] c.n.discovery.InstanceInfoReplicator     : InstanceInfoReplicator onDemand update allowed rate per min is 4
2022-04-06 20:29:31.516  INFO 10504 --- [restartedMain] com.netflix.discovery.DiscoveryClient    : Discovery Client initialized at timestamp 1649257171514 with initial instances count: 3
2022-04-06 20:29:31.518  INFO 10504 --- [restartedMain] o.s.c.n.e.s.EurekaServiceRegistry        : Registering application COMMENT-SERVICE with eureka with status UP
2022-04-06 20:29:31.519  INFO 10504 --- [restartedMain] com.netflix.discovery.DiscoveryClient    : Saw local status change event StatusChangeEvent [timestamp=1649257171519, current=UP, previous=STARTING]
2022-04-06 20:29:31.523  INFO 10504 --- [DiscoveryClient-InstanceInfoReplicator-0] com.netflix.discovery.DiscoveryClient    : DiscoveryClient_COMMENT-SERVICE/MDB22LT465.mavericsystems.lan:comment-service:3015: registering service...
2022-04-06 20:29:31.576  INFO 10504 --- [restartedMain] o.s.b.w.embedded.tomcat.TomcatWebServer  : Tomcat started on port(s): 3015 (http) with context path ''
2022-04-06 20:29:31.577  INFO 10504 --- [restartedMain] .s.c.n.e.s.EurekaAutoServiceRegistration : Updating port to 3015
2022-04-06 20:29:31.628  INFO 10504 --- [DiscoveryClient-InstanceInfoReplicator-0] com.netflix.discovery.DiscoveryClient    : DiscoveryClient_COMMENT-SERVICE/MDB22LT465.mavericsystems.lan:comment-service:3015 - registration status: 204
2022-04-06 20:29:33.766  INFO 10504 --- [restartedMain] c.m.c.CommentServiceApplication          : Started CommentServiceApplication in 16.204 seconds (JVM running for 17.333)
2022-04-06 20:32:12.138  INFO 10504 --- [SpringApplicationShutdownHook] o.s.c.n.e.s.EurekaServiceRegistry        : Unregistering application COMMENT-SERVICE with eureka with status DOWN
2022-04-06 20:32:12.140  INFO 10504 --- [SpringApplicationShutdownHook] com.netflix.discovery.DiscoveryClient    : Saw local status change event StatusChangeEvent [timestamp=1649257332140, current=DOWN, previous=UP]
2022-04-06 20:32:12.140  INFO 10504 --- [DiscoveryClient-InstanceInfoReplicator-0] com.netflix.discovery.DiscoveryClient    : DiscoveryClient_COMMENT-SERVICE/MDB22LT465.mavericsystems.lan:comment-service:3015: registering service...
2022-04-06 20:32:12.168  INFO 10504 --- [DiscoveryClient-InstanceInfoReplicator-0] com.netflix.discovery.DiscoveryClient    : DiscoveryClient_COMMENT-SERVICE/MDB22LT465.mavericsystems.lan:comment-service:3015 - registration status: 204
2022-04-06 20:32:13.185  INFO 10504 --- [SpringApplicationShutdownHook] com.netflix.discovery.DiscoveryClient    : Shutting down DiscoveryClient ...
2022-04-06 20:32:16.196  INFO 10504 --- [SpringApplicationShutdownHook] com.netflix.discovery.DiscoveryClient    : Unregistering ...
2022-04-06 20:32:16.210  INFO 10504 --- [SpringApplicationShutdownHook] com.netflix.discovery.DiscoveryClient    : DiscoveryClient_COMMENT-SERVICE/MDB22LT465.mavericsystems.lan:comment-service:3015 - deregister  status: 200
2022-04-06 20:32:16.218  INFO 10504 --- [SpringApplicationShutdownHook] com.netflix.discovery.DiscoveryClient    : Completed shut down of DiscoveryClient
2022-04-06 20:32:29.541  INFO 48228 --- [restartedMain] c.m.c.CommentServiceApplication          : Starting CommentServiceApplication using Java 1.8.0_251 on MDB22LT465 with PID 48228 (D:\Spring\Assessment\comment-service\target\classes started by vishnup in D:\Spring\Assessment\comment-service)
2022-04-06 20:32:29.544  INFO 48228 --- [restartedMain] c.m.c.CommentServiceApplication          : No active profile set, falling back to 1 default profile: "default"
2022-04-06 20:32:29.641  INFO 48228 --- [restartedMain] .e.DevToolsPropertyDefaultsPostProcessor : Devtools property defaults active! Set 'spring.devtools.add-properties' to 'false' to disable
2022-04-06 20:32:29.642  INFO 48228 --- [restartedMain] .e.DevToolsPropertyDefaultsPostProcessor : For additional web related logging consider setting the 'logging.level.web' property to 'DEBUG'
2022-04-06 20:32:30.984  INFO 48228 --- [restartedMain] .s.d.r.c.RepositoryConfigurationDelegate : Bootstrapping Spring Data MongoDB repositories in DEFAULT mode.
2022-04-06 20:32:31.253  INFO 48228 --- [restartedMain] .s.d.r.c.RepositoryConfigurationDelegate : Finished Spring Data repository scanning in 261 ms. Found 1 MongoDB repository interfaces.
2022-04-06 20:32:31.725  INFO 48228 --- [restartedMain] o.s.cloud.context.scope.GenericScope     : BeanFactory id=5b0212b6-add8-3cc9-8340-18567b8c667c
2022-04-06 20:32:33.731  INFO 48228 --- [restartedMain] o.s.b.w.embedded.tomcat.TomcatWebServer  : Tomcat initialized with port(s): 3015 (http)
2022-04-06 20:32:33.746  INFO 48228 --- [restartedMain] o.apache.catalina.core.StandardService   : Starting service [Tomcat]
2022-04-06 20:32:33.746  INFO 48228 --- [restartedMain] org.apache.catalina.core.StandardEngine  : Starting Servlet engine: [Apache Tomcat/9.0.58]
2022-04-06 20:32:33.940  INFO 48228 --- [restartedMain] o.a.c.c.C.[Tomcat].[localhost].[/]       : Initializing Spring embedded WebApplicationContext
2022-04-06 20:32:33.941  INFO 48228 --- [restartedMain] w.s.c.ServletWebServerApplicationContext : Root WebApplicationContext: initialization completed in 4298 ms
2022-04-06 20:32:34.216  INFO 48228 --- [restartedMain] org.mongodb.driver.cluster               : Cluster created with settings {hosts=[localhost:27017], mode=SINGLE, requiredClusterType=UNKNOWN, serverSelectionTimeout='30000 ms'}
2022-04-06 20:32:34.327  INFO 48228 --- [cluster-rtt-ClusterId{value='624dab8a46c9cd23345332bc', description='null'}-localhost:27017] org.mongodb.driver.connection            : Opened connection [connectionId{localValue:2, serverValue:156}] to localhost:27017
2022-04-06 20:32:34.327  INFO 48228 --- [cluster-ClusterId{value='624dab8a46c9cd23345332bc', description='null'}-localhost:27017] org.mongodb.driver.connection            : Opened connection [connectionId{localValue:1, serverValue:157}] to localhost:27017
2022-04-06 20:32:34.328  INFO 48228 --- [cluster-ClusterId{value='624dab8a46c9cd23345332bc', description='null'}-localhost:27017] org.mongodb.driver.cluster               : Monitor thread successfully connected to server with description ServerDescription{address=localhost:27017, type=STANDALONE, state=CONNECTED, ok=true, minWireVersion=0, maxWireVersion=13, maxDocumentSize=16777216, logicalSessionTimeoutMinutes=30, roundTripTimeNanos=40765700}
2022-04-06 20:32:34.409  WARN 48228 --- [restartedMain] o.s.data.convert.CustomConversions       : Registering converter from class java.time.LocalDateTime to class org.joda.time.LocalDateTime as reading converter although it doesn't convert from a store-supported type! You might want to check your annotation setup at the converter implementation.
2022-04-06 20:32:34.532  INFO 48228 --- [restartedMain] o.s.b.d.a.OptionalLiveReloadServer       : LiveReload server is running on port 35729
2022-04-06 20:32:34.605  WARN 48228 --- [restartedMain] o.s.data.convert.CustomConversions       : Registering converter from class java.time.LocalDateTime to class org.joda.time.LocalDateTime as reading converter although it doesn't convert from a store-supported type! You might want to check your annotation setup at the converter implementation.
2022-04-06 20:32:35.113  INFO 48228 --- [restartedMain] o.s.c.openfeign.FeignClientFactoryBean   : For 'like-service' URL not provided. Will try picking an instance via load-balancing.
2022-04-06 20:32:35.256  INFO 48228 --- [restartedMain] o.s.c.openfeign.FeignClientFactoryBean   : For 'user-service' URL not provided. Will try picking an instance via load-balancing.
2022-04-06 20:32:35.306  WARN 48228 --- [restartedMain] c.n.c.sources.URLConfigurationSource     : No URLs will be polled as dynamic configuration sources.
2022-04-06 20:32:35.307  INFO 48228 --- [restartedMain] c.n.c.sources.URLConfigurationSource     : To enable URLs as dynamic configuration sources, define System property archaius.configurationSource.additionalUrls or make config.properties available on classpath.
2022-04-06 20:32:35.321  WARN 48228 --- [restartedMain] c.n.c.sources.URLConfigurationSource     : No URLs will be polled as dynamic configuration sources.
2022-04-06 20:32:35.322  INFO 48228 --- [restartedMain] c.n.c.sources.URLConfigurationSource     : To enable URLs as dynamic configuration sources, define System property archaius.configurationSource.additionalUrls or make config.properties available on classpath.
2022-04-06 20:32:37.752  INFO 48228 --- [restartedMain] DiscoveryClientOptionalArgsConfiguration : Eureka HTTP Client uses RestTemplate.
2022-04-06 20:32:39.584  WARN 48228 --- [restartedMain] iguration$LoadBalancerCaffeineWarnLogger : Spring Cloud LoadBalancer is currently working with the default cache. While this cache implementation is useful for development and tests, it's recommended to use Caffeine cache in production.You can switch to using Caffeine cache, by adding it and org.springframework.cache.caffeine.CaffeineCacheManager to the classpath.
2022-04-06 20:32:39.629  INFO 48228 --- [restartedMain] o.s.c.n.eureka.InstanceInfoFactory       : Setting initial instance status as: STARTING
2022-04-06 20:32:39.769  INFO 48228 --- [restartedMain] com.netflix.discovery.DiscoveryClient    : Initializing Eureka in region us-east-1
2022-04-06 20:32:39.781  INFO 48228 --- [restartedMain] c.n.d.s.r.aws.ConfigClusterResolver      : Resolving eureka endpoints via configuration
2022-04-06 20:32:39.835  INFO 48228 --- [restartedMain] com.netflix.discovery.DiscoveryClient    : Disable delta property : false
2022-04-06 20:32:39.835  INFO 48228 --- [restartedMain] com.netflix.discovery.DiscoveryClient    : Single vip registry refresh property : null
2022-04-06 20:32:39.835  INFO 48228 --- [restartedMain] com.netflix.discovery.DiscoveryClient    : Force full registry fetch : false
2022-04-06 20:32:39.836  INFO 48228 --- [restartedMain] com.netflix.discovery.DiscoveryClient    : Application is null : false
2022-04-06 20:32:39.836  INFO 48228 --- [restartedMain] com.netflix.discovery.DiscoveryClient    : Registered Applications size is zero : true
2022-04-06 20:32:39.836  INFO 48228 --- [restartedMain] com.netflix.discovery.DiscoveryClient    : Application version is -1: true
2022-04-06 20:32:39.836  INFO 48228 --- [restartedMain] com.netflix.discovery.DiscoveryClient    : Getting all instance registry info from the eureka server
2022-04-06 20:32:41.650  INFO 48228 --- [restartedMain] com.netflix.discovery.DiscoveryClient    : The response status is 200
2022-04-06 20:32:41.656  INFO 48228 --- [restartedMain] com.netflix.discovery.DiscoveryClient    : Starting heartbeat executor: renew interval is: 30
2022-04-06 20:32:41.661  INFO 48228 --- [restartedMain] c.n.discovery.InstanceInfoReplicator     : InstanceInfoReplicator onDemand update allowed rate per min is 4
2022-04-06 20:32:41.671  INFO 48228 --- [restartedMain] com.netflix.discovery.DiscoveryClient    : Discovery Client initialized at timestamp 1649257361669 with initial instances count: 3
2022-04-06 20:32:41.675  INFO 48228 --- [restartedMain] o.s.c.n.e.s.EurekaServiceRegistry        : Registering application COMMENT-SERVICE with eureka with status UP
2022-04-06 20:32:41.676  INFO 48228 --- [restartedMain] com.netflix.discovery.DiscoveryClient    : Saw local status change event StatusChangeEvent [timestamp=1649257361676, current=UP, previous=STARTING]
2022-04-06 20:32:41.680  INFO 48228 --- [DiscoveryClient-InstanceInfoReplicator-0] com.netflix.discovery.DiscoveryClient    : DiscoveryClient_COMMENT-SERVICE/MDB22LT465.mavericsystems.lan:comment-service:3015: registering service...
2022-04-06 20:32:41.733  INFO 48228 --- [restartedMain] o.s.b.w.embedded.tomcat.TomcatWebServer  : Tomcat started on port(s): 3015 (http) with context path ''
2022-04-06 20:32:41.734  INFO 48228 --- [restartedMain] .s.c.n.e.s.EurekaAutoServiceRegistration : Updating port to 3015
2022-04-06 20:32:41.784  INFO 48228 --- [DiscoveryClient-InstanceInfoReplicator-0] com.netflix.discovery.DiscoveryClient    : DiscoveryClient_COMMENT-SERVICE/MDB22LT465.mavericsystems.lan:comment-service:3015 - registration status: 204
2022-04-06 20:32:43.750  INFO 48228 --- [restartedMain] c.m.c.CommentServiceApplication          : Started CommentServiceApplication in 16.923 seconds (JVM running for 18.61)
2022-04-06 20:37:39.864  INFO 48228 --- [AsyncResolver-bootstrap-executor-0] c.n.d.s.r.aws.ConfigClusterResolver      : Resolving eureka endpoints via configuration
2022-04-06 20:38:56.983  INFO 48228 --- [http-nio-3015-exec-1] o.a.c.c.C.[Tomcat].[localhost].[/]       : Initializing Spring DispatcherServlet 'dispatcherServlet'
2022-04-06 20:38:56.988  INFO 48228 --- [http-nio-3015-exec-1] o.s.web.servlet.DispatcherServlet        : Initializing Servlet 'dispatcherServlet'
2022-04-06 20:38:57.148  INFO 48228 --- [http-nio-3015-exec-1] o.s.web.servlet.DispatcherServlet        : Completed initialization in 159 ms
2022-04-06 20:38:58.763  INFO 48228 --- [http-nio-3015-exec-1] org.mongodb.driver.connection            : Opened connection [connectionId{localValue:3, serverValue:158}] to localhost:27017
2022-04-06 20:38:58.868  INFO 48228 --- [http-nio-3015-exec-1] c.m.c.configuration.FeignClientRetryer   : Feign retry attempt
2022-04-06 20:38:59.668  INFO 48228 --- [http-nio-3015-exec-1] c.m.c.configuration.FeignClientRetryer   : Feign retry attempt
2022-04-06 20:38:59.716  WARN 48228 --- [http-nio-3015-exec-1] o.s.c.l.core.RoundRobinLoadBalancer      : No servers available for service: like-service
2022-04-06 20:38:59.718  WARN 48228 --- [http-nio-3015-exec-1] .s.c.o.l.FeignBlockingLoadBalancerClient : Load balancer does not contain an instance for the service like-service
2022-04-06 20:38:59.772  WARN 48228 --- [http-nio-3015-exec-1] .m.m.a.ExceptionHandlerExceptionResolver : Resolved [com.mavericsystems.commentservice.exception.CustomFeignException: One of the service among user or like is unavailable]
2022-04-06 20:40:10.695  INFO 48228 --- [http-nio-3015-exec-2] c.m.c.configuration.FeignClientRetryer   : Feign retry attempt
2022-04-06 20:40:10.735  INFO 48228 --- [http-nio-3015-exec-2] c.m.c.configuration.FeignClientRetryer   : Feign retry attempt
2022-04-06 20:40:10.736  WARN 48228 --- [http-nio-3015-exec-2] o.s.c.l.core.RoundRobinLoadBalancer      : No servers available for service: like-service
2022-04-06 20:40:10.737  WARN 48228 --- [http-nio-3015-exec-2] .s.c.o.l.FeignBlockingLoadBalancerClient : Load balancer does not contain an instance for the service like-service
2022-04-06 20:40:10.741  WARN 48228 --- [http-nio-3015-exec-2] .m.m.a.ExceptionHandlerExceptionResolver : Resolved [com.mavericsystems.commentservice.exception.CustomFeignException: One of the service among user or like is unavailable]
2022-04-06 20:40:14.350  INFO 48228 --- [http-nio-3015-exec-5] c.m.c.configuration.FeignClientRetryer   : Feign retry attempt
2022-04-06 20:40:14.364  INFO 48228 --- [http-nio-3015-exec-5] c.m.c.configuration.FeignClientRetryer   : Feign retry attempt
2022-04-06 20:40:24.138  INFO 48228 --- [http-nio-3015-exec-6] c.m.c.configuration.FeignClientRetryer   : Feign retry attempt
2022-04-06 20:40:24.149  INFO 48228 --- [http-nio-3015-exec-6] c.m.c.configuration.FeignClientRetryer   : Feign retry attempt
2022-04-06 20:40:24.156  INFO 48228 --- [http-nio-3015-exec-6] c.m.c.configuration.FeignClientRetryer   : Feign retry attempt
2022-04-06 20:40:24.165  INFO 48228 --- [http-nio-3015-exec-6] c.m.c.configuration.FeignClientRetryer   : Feign retry attempt
2022-04-06 20:40:24.172  INFO 48228 --- [http-nio-3015-exec-6] c.m.c.configuration.FeignClientRetryer   : Feign retry attempt
2022-04-06 20:40:24.182  INFO 48228 --- [http-nio-3015-exec-6] c.m.c.configuration.FeignClientRetryer   : Feign retry attempt
2022-04-06 20:40:37.933  WARN 48228 --- [http-nio-3015-exec-3] .m.m.a.ExceptionHandlerExceptionResolver : Resolved [com.mavericsystems.commentservice.exception.CommentNotFoundException: Comment not found for post id : 624d91546d2d387e6e48dfb]
2022-04-06 20:40:48.590  INFO 48228 --- [http-nio-3015-exec-4] c.m.c.configuration.FeignClientRetryer   : Feign retry attempt
2022-04-06 20:40:48.603  INFO 48228 --- [http-nio-3015-exec-4] c.m.c.configuration.FeignClientRetryer   : Feign retry attempt
2022-04-06 20:42:39.930  INFO 48228 --- [AsyncResolver-bootstrap-executor-0] c.n.d.s.r.aws.ConfigClusterResolver      : Resolving eureka endpoints via configuration
2022-04-06 20:43:22.927  WARN 48228 --- [http-nio-3015-exec-8] .m.m.a.ExceptionHandlerExceptionResolver : Resolved [com.mavericsystems.commentservice.exception.CommentIdMismatchException: Comment Id passed in path variable and request Body does not match]
2022-04-06 20:45:56.251  INFO 48228 --- [SpringApplicationShutdownHook] o.s.c.n.e.s.EurekaServiceRegistry        : Unregistering application COMMENT-SERVICE with eureka with status DOWN
2022-04-06 20:45:56.252  INFO 48228 --- [SpringApplicationShutdownHook] com.netflix.discovery.DiscoveryClient    : Saw local status change event StatusChangeEvent [timestamp=1649258156252, current=DOWN, previous=UP]
2022-04-06 20:45:56.255  INFO 48228 --- [DiscoveryClient-InstanceInfoReplicator-0] com.netflix.discovery.DiscoveryClient    : DiscoveryClient_COMMENT-SERVICE/MDB22LT465.mavericsystems.lan:comment-service:3015: registering service...
2022-04-06 20:45:56.346  INFO 48228 --- [DiscoveryClient-InstanceInfoReplicator-0] com.netflix.discovery.DiscoveryClient    : DiscoveryClient_COMMENT-SERVICE/MDB22LT465.mavericsystems.lan:comment-service:3015 - registration status: 204
2022-04-06 20:45:58.586  INFO 48228 --- [SpringApplicationShutdownHook] com.netflix.discovery.DiscoveryClient    : Shutting down DiscoveryClient ...
2022-04-06 20:46:01.597  INFO 48228 --- [SpringApplicationShutdownHook] com.netflix.discovery.DiscoveryClient    : Unregistering ...
2022-04-06 20:46:01.609  INFO 48228 --- [SpringApplicationShutdownHook] com.netflix.discovery.DiscoveryClient    : DiscoveryClient_COMMENT-SERVICE/MDB22LT465.mavericsystems.lan:comment-service:3015 - deregister  status: 200
2022-04-06 20:46:01.623  INFO 48228 --- [SpringApplicationShutdownHook] com.netflix.discovery.DiscoveryClient    : Completed shut down of DiscoveryClient
